[2022-06-22T22:36:53.439] [DEBUG] cheese - login => username:admin,password:123456
[2022-06-22T22:36:53.443] [DEBUG] cheese - admin
[2022-06-22T22:36:53.460] [DEBUG] cheese - null
[2022-06-22T22:36:53.461] [DEBUG] cheese - null
[2022-06-22T22:38:48.080] [DEBUG] cheese - login => username:admin,password:123456
[2022-06-22T22:38:48.080] [DEBUG] cheese - admin
[2022-06-22T22:38:48.086] [DEBUG] cheese - null
[2022-06-22T22:38:48.086] [DEBUG] cheese - null
[2022-06-22T22:45:35.672] [DEBUG] cheese - login => username:admin,password:123456
[2022-06-22T22:45:35.675] [DEBUG] cheese - admin
[2022-06-22T22:45:35.726] [DEBUG] cheese - null
[2022-06-22T22:45:35.727] [DEBUG] cheese - null
[2022-06-22T22:48:48.689] [DEBUG] cheese - login => username:admin,password:123456
[2022-06-22T22:48:48.689] [DEBUG] cheese - admin
[2022-06-22T22:48:48.693] [DEBUG] cheese - null
[2022-06-22T22:48:48.693] [DEBUG] cheese - null
[2022-06-22T23:07:03.264] [DEBUG] cheese - login => username:admin,password:123456
[2022-06-22T23:07:03.265] [DEBUG] cheese - admin
[2022-06-22T23:07:03.269] [DEBUG] cheese - null
[2022-06-22T23:07:03.270] [DEBUG] cheese - null
[2022-06-23T22:05:54.854] [DEBUG] cheese - login => username:admin,password:123456
[2022-06-23T22:05:54.858] [DEBUG] cheese - admin
[2022-06-23T22:05:54.896] [DEBUG] cheese - null
[2022-06-23T22:05:54.897] [DEBUG] cheese - null
[2022-06-25T11:14:40.824] [DEBUG] cheese - login => username:admin,password:123456
[2022-06-25T11:14:40.825] [DEBUG] cheese - admin
[2022-06-25T11:14:40.894] [DEBUG] cheese - null
[2022-06-25T11:14:40.895] [DEBUG] cheese - null
[2022-06-27T22:12:42.298] [DEBUG] cheese - login => username:sss,password:sss
[2022-06-27T22:12:42.304] [DEBUG] cheese - sss
[2022-06-27T22:12:42.347] [DEBUG] cheese - null
[2022-06-27T22:12:42.348] [DEBUG] cheese - null
[2022-06-27T22:16:55.456] [DEBUG] cheese - login => username:sdsd,password:sdsd
[2022-06-27T22:16:55.456] [DEBUG] cheese - sdsd
[2022-06-27T22:16:55.465] [DEBUG] cheese - null
[2022-06-27T22:16:55.465] [DEBUG] cheese - null
[2022-06-27T22:23:58.760] [DEBUG] cheese - login => username:aaaa,password:aaa
[2022-06-27T22:23:58.762] [DEBUG] cheese - aaaa
[2022-06-27T22:23:58.778] [DEBUG] cheese - null
[2022-06-27T22:23:58.779] [DEBUG] cheese - null
[2022-06-27T22:25:50.799] [DEBUG] cheese - login => username:cada,password:ss
[2022-06-27T22:25:50.799] [DEBUG] cheese - cada
[2022-06-27T22:25:50.804] [DEBUG] cheese - null
[2022-06-27T22:25:50.804] [DEBUG] cheese - null
[2022-06-27T22:26:11.054] [DEBUG] cheese - login => username:sdsad,password:asdsad
[2022-06-27T22:26:11.055] [DEBUG] cheese - sdsad
[2022-06-27T22:26:11.059] [DEBUG] cheese - null
[2022-06-27T22:26:11.060] [DEBUG] cheese - null
[2022-06-27T22:26:40.973] [DEBUG] cheese - login => username:wq,password:qwq
[2022-06-27T22:26:40.974] [DEBUG] cheese - wq
[2022-06-27T22:26:40.977] [DEBUG] cheese - null
[2022-06-27T22:26:40.977] [DEBUG] cheese - null
[2022-06-30T22:35:04.438] [DEBUG] cheese - login => username:admin,password:123456
[2022-06-30T22:35:04.440] [DEBUG] cheese - admin
[2022-06-30T22:35:04.539] [DEBUG] cheese - null
[2022-06-30T22:35:04.539] [DEBUG] cheese - null
[2022-06-30T22:35:19.008] [DEBUG] cheese - login => username:admin,password:1234562
[2022-06-30T22:35:19.009] [DEBUG] cheese - admin
[2022-06-30T22:35:19.013] [DEBUG] cheese - null
[2022-06-30T22:35:19.013] [DEBUG] cheese - null
[2022-06-30T22:35:44.275] [DEBUG] cheese - login => username:admin,password:123
[2022-06-30T22:35:44.275] [DEBUG] cheese - admin
[2022-06-30T22:35:44.282] [DEBUG] cheese - null
[2022-06-30T22:35:44.283] [DEBUG] cheese - null
[2022-06-30T22:37:59.541] [DEBUG] cheese - login => username:www,password:wwww
[2022-06-30T22:37:59.541] [DEBUG] cheese - www
[2022-06-30T22:37:59.552] [DEBUG] cheese - null
[2022-06-30T22:37:59.552] [DEBUG] cheese - null
[2022-06-30T22:40:56.628] [DEBUG] cheese - login => username:sdsds,password:sdsd
[2022-06-30T22:40:56.628] [DEBUG] cheese - sdsds
[2022-06-30T22:40:56.640] [DEBUG] cheese - null
[2022-06-30T22:40:56.640] [DEBUG] cheese - null
[2022-06-30T22:41:16.025] [DEBUG] cheese - login => username:qwqw,password:qwqw
[2022-06-30T22:41:16.025] [DEBUG] cheese - qwqw
[2022-06-30T22:41:16.029] [DEBUG] cheese - null
[2022-06-30T22:41:16.030] [DEBUG] cheese - null
[2022-06-30T22:41:31.012] [DEBUG] cheese - login => username:admin,password:1234567
[2022-06-30T22:41:31.013] [DEBUG] cheese - admin
[2022-06-30T22:41:31.021] [DEBUG] cheese - null
[2022-06-30T22:41:31.021] [DEBUG] cheese - null
[2022-06-30T22:41:40.505] [DEBUG] cheese - login => username:admin,password:123456
[2022-06-30T22:41:40.505] [DEBUG] cheese - admin
[2022-06-30T22:41:40.511] [DEBUG] cheese - null
[2022-06-30T22:41:40.512] [DEBUG] cheese - null
[2022-06-30T22:41:42.326] [DEBUG] cheese - login => username:admin,password:123456
[2022-06-30T22:41:42.327] [DEBUG] cheese - admin
[2022-06-30T22:41:42.331] [DEBUG] cheese - null
[2022-06-30T22:41:42.331] [DEBUG] cheese - null
[2022-06-30T22:43:07.105] [DEBUG] cheese - login => username:admin,password:123456
[2022-06-30T22:43:07.106] [DEBUG] cheese - admin
[2022-06-30T22:43:07.118] [DEBUG] cheese - null
[2022-06-30T22:43:07.118] [DEBUG] cheese - null
[2022-06-30T22:53:52.330] [DEBUG] cheese - login => username:admin,password:123456
[2022-06-30T22:53:52.330] [DEBUG] cheese - admin
[2022-06-30T22:53:52.343] [DEBUG] cheese - null
[2022-06-30T22:53:52.344] [DEBUG] cheese - null
[2022-06-30T22:54:23.825] [DEBUG] cheese - login => username:admin,password:123456
[2022-06-30T22:54:23.825] [DEBUG] cheese - admin
[2022-06-30T22:54:23.834] [DEBUG] cheese - null
[2022-06-30T22:54:23.834] [DEBUG] cheese - null
[2022-07-01T23:33:49.560] [DEBUG] cheese - login => username:admin,password:123456
[2022-07-01T23:33:49.561] [DEBUG] cheese - admin
[2022-07-01T23:33:49.596] [DEBUG] cheese - null
[2022-07-01T23:33:49.596] [DEBUG] cheese - null
[2022-07-01T23:35:49.216] [DEBUG] cheese - login => username:admin,password:123456
[2022-07-01T23:35:49.217] [DEBUG] cheese - admin
[2022-07-01T23:35:49.256] [DEBUG] cheese - null
[2022-07-01T23:35:49.256] [DEBUG] cheese - null
[2022-07-01T23:36:19.896] [DEBUG] cheese - login => username:admin,password:123456
[2022-07-01T23:36:19.896] [DEBUG] cheese - admin
[2022-07-01T23:36:19.901] [DEBUG] cheese - null
[2022-07-01T23:36:19.901] [DEBUG] cheese - null
[2022-07-27T19:51:06.629] [DEBUG] cheese - login => username:admin,password:123
[2022-07-27T19:51:06.630] [DEBUG] cheese - admin
[2022-07-27T19:51:06.646] [DEBUG] cheese - null
[2022-07-27T19:51:06.646] [DEBUG] cheese - null
[2022-07-27T19:51:07.696] [DEBUG] cheese - login => username:admin,password:123
[2022-07-27T19:51:07.696] [DEBUG] cheese - admin
[2022-07-27T19:51:07.698] [DEBUG] cheese - null
[2022-07-27T19:51:07.698] [DEBUG] cheese - null
[2022-07-27T19:51:09.609] [DEBUG] cheese - login => username:admin,password:123456
[2022-07-27T19:51:09.609] [DEBUG] cheese - admin
[2022-07-27T19:51:09.611] [DEBUG] cheese - null
[2022-07-27T19:51:09.611] [DEBUG] cheese - null
[2022-07-27T19:51:21.985] [DEBUG] cheese - login => username:admin,password:123456
[2022-07-27T19:51:21.985] [DEBUG] cheese - admin
[2022-07-27T19:51:21.986] [DEBUG] cheese - null
[2022-07-27T19:51:21.986] [DEBUG] cheese - null
[2022-07-27T20:53:47.377] [DEBUG] cheese - login => username:admin,password:123456
[2022-07-27T20:53:47.377] [DEBUG] cheese - admin
[2022-07-27T20:53:47.381] [DEBUG] cheese - null
[2022-07-27T20:53:47.381] [DEBUG] cheese - null
[2022-07-28T15:06:55.277] [DEBUG] cheese - login => username:admin,password:123456
[2022-07-28T15:06:55.278] [DEBUG] cheese - admin
[2022-07-28T15:06:55.284] [DEBUG] cheese - null
[2022-07-28T15:06:55.284] [DEBUG] cheese - null
[2022-07-28T15:07:00.909] [DEBUG] cheese - login => username:admin ,password:123456
[2022-07-28T15:07:00.909] [DEBUG] cheese - admin 
[2022-07-28T15:07:00.911] [DEBUG] cheese - null
[2022-07-28T15:07:00.912] [DEBUG] cheese - null
[2022-07-28T15:09:03.537] [DEBUG] cheese - login => username:admin,password:123456
[2022-07-28T15:09:03.537] [DEBUG] cheese - admin
[2022-07-28T15:09:03.541] [DEBUG] cheese - null
[2022-07-28T15:09:03.541] [DEBUG] cheese - null
[2022-07-28T15:11:06.253] [DEBUG] cheese - login => username:admin,password:123456
[2022-07-28T15:11:06.253] [DEBUG] cheese - admin
[2022-07-28T15:11:06.257] [DEBUG] cheese - null
[2022-07-28T15:11:06.257] [DEBUG] cheese - null
[2022-07-28T15:42:44.672] [DEBUG] cheese - login => username:admin,password:123456
[2022-07-28T15:42:44.673] [DEBUG] cheese - admin
[2022-07-28T15:42:44.678] [DEBUG] cheese - null
[2022-07-28T15:42:44.678] [DEBUG] cheese - null
[2022-07-28T15:59:26.985] [DEBUG] cheese - login => username:admin,password:123456
[2022-07-28T15:59:26.985] [DEBUG] cheese - admin
[2022-07-28T15:59:26.990] [DEBUG] cheese - null
[2022-07-28T15:59:26.990] [DEBUG] cheese - null
[2022-07-28T16:05:25.742] [DEBUG] cheese - login => username:admin,password:123456
[2022-07-28T16:05:25.742] [DEBUG] cheese - admin
[2022-07-28T16:05:25.744] [DEBUG] cheese - null
[2022-07-28T16:05:25.744] [DEBUG] cheese - null
[2022-07-28T16:39:36.525] [DEBUG] cheese - login => username:admin,password:123456
[2022-07-28T16:39:36.525] [DEBUG] cheese - admin
[2022-07-28T16:39:36.528] [DEBUG] cheese - null
[2022-07-28T16:39:36.528] [DEBUG] cheese - null
[2022-07-28T20:33:35.161] [DEBUG] cheese - login => username:admin,password:123456
[2022-07-28T20:33:35.162] [DEBUG] cheese - admin
[2022-07-28T20:33:35.171] [DEBUG] cheese - null
[2022-07-28T20:33:35.171] [DEBUG] cheese - null
[2022-07-28T20:34:17.968] [DEBUG] cheese - login => username:admin,password:123456
[2022-07-28T20:34:17.968] [DEBUG] cheese - admin
[2022-07-28T20:34:17.971] [DEBUG] cheese - null
[2022-07-28T20:34:17.971] [DEBUG] cheese - null
[2022-07-28T20:35:50.054] [DEBUG] cheese - login => username:admin,password:123456
[2022-07-28T20:35:50.054] [DEBUG] cheese - admin
[2022-07-28T20:35:50.055] [DEBUG] cheese - null
[2022-07-28T20:35:50.056] [DEBUG] cheese - null
[2022-07-29T20:46:36.461] [DEBUG] cheese - login => username:admin,password:123456
[2022-07-29T20:46:36.463] [DEBUG] cheese - admin
[2022-07-29T20:46:36.474] [DEBUG] cheese - null
[2022-07-29T20:46:36.475] [DEBUG] cheese - null
[2022-07-29T21:08:01.335] [DEBUG] cheese - login => username:admin,password:123456
[2022-07-29T21:08:01.336] [DEBUG] cheese - admin
[2022-07-29T21:08:01.341] [DEBUG] cheese - null
[2022-07-29T21:08:01.341] [DEBUG] cheese - null
[2022-07-30T11:58:47.085] [DEBUG] cheese - login => username:admin,password:123456
[2022-07-30T11:58:47.086] [DEBUG] cheese - admin
[2022-07-30T11:58:47.116] [DEBUG] cheese - null
[2022-07-30T11:58:47.116] [DEBUG] cheese - null
[2022-07-30T11:59:18.179] [DEBUG] cheese - login => username:admin,password:123456
[2022-07-30T11:59:18.179] [DEBUG] cheese - admin
[2022-07-30T11:59:18.181] [DEBUG] cheese - null
[2022-07-30T11:59:18.181] [DEBUG] cheese - null
[2022-07-30T13:25:41.076] [DEBUG] cheese - login => username:admin,password:123456
[2022-07-30T13:25:41.076] [DEBUG] cheese - admin
[2022-07-30T13:25:41.082] [DEBUG] cheese - null
[2022-07-30T13:25:41.082] [DEBUG] cheese - null
[2022-07-31T13:36:21.582] [DEBUG] cheese - login => username:admin,password:123456
[2022-07-31T13:36:21.583] [DEBUG] cheese - admin
[2022-07-31T13:36:21.619] [DEBUG] cheese - null
[2022-07-31T13:36:21.619] [DEBUG] cheese - null
[2022-08-01T13:36:38.075] [DEBUG] cheese - login => username:admin,password:123456
[2022-08-01T13:36:38.076] [DEBUG] cheese - admin
[2022-08-01T13:36:38.080] [DEBUG] cheese - null
[2022-08-01T13:36:38.080] [DEBUG] cheese - null
